<?xml version="1.0" encoding="UTF-8"?>
<!-- Generated by org.testng.reporters.JUnitXMLReporter -->
<testsuite ignored="0" hostname="DESKTOP-HGIM18J" failures="0" tests="4" name="Default test" time="0.069" errors="0" timestamp="2021-09-30T22:54:26 EDT">
  <testcase classname="tundra.testCases.TestCases" name="TC1_avoidDuplicateWords" time="0.01"/>
  <testcase classname="tundra.testCases.TestCases" name="TC1_wordCapLetters" time="0.002"/>
  <testcase classname="tundra.testCases.TestCases" name="TC1_wordMixedLetters" time="0.003"/>
  <testcase classname="tundra.testCases.TestCases" name="TC2_wordSmallLetters" time="0.002"/>
</testsuite> <!-- Default test -->
