<?xml version="1.0" encoding="UTF-8"?>
<testng-results ignored="0" total="4" passed="4" failed="0" skipped="0">
  <reporter-output>
  </reporter-output>
  <suite started-at="2021-09-30T22:54:26 EDT" name="Default suite" finished-at="2021-09-30T22:54:26 EDT" duration-ms="69">
    <groups>
    </groups>
    <test started-at="2021-09-30T22:54:26 EDT" name="Default test" finished-at="2021-09-30T22:54:26 EDT" duration-ms="69">
      <class name="tundra.testCases.TestCases">
        <test-method signature="TC1_avoidDuplicateWords()[pri:0, instance:tundra.testCases.TestCases@524d6d96]" started-at="2021-09-30T22:54:26 EDT" name="TC1_avoidDuplicateWords" finished-at="2021-09-30T22:54:26 EDT" duration-ms="10" status="PASS">
          <reporter-output>
          </reporter-output>
        </test-method> <!-- TC1_avoidDuplicateWords -->
        <test-method signature="TC1_wordCapLetters()[pri:0, instance:tundra.testCases.TestCases@524d6d96]" started-at="2021-09-30T22:54:26 EDT" name="TC1_wordCapLetters" finished-at="2021-09-30T22:54:26 EDT" duration-ms="2" status="PASS">
          <reporter-output>
          </reporter-output>
        </test-method> <!-- TC1_wordCapLetters -->
        <test-method signature="TC1_wordMixedLetters()[pri:0, instance:tundra.testCases.TestCases@524d6d96]" started-at="2021-09-30T22:54:26 EDT" name="TC1_wordMixedLetters" finished-at="2021-09-30T22:54:26 EDT" duration-ms="3" status="PASS">
          <reporter-output>
          </reporter-output>
        </test-method> <!-- TC1_wordMixedLetters -->
        <test-method signature="TC2_wordSmallLetters()[pri:0, instance:tundra.testCases.TestCases@524d6d96]" started-at="2021-09-30T22:54:26 EDT" name="TC2_wordSmallLetters" finished-at="2021-09-30T22:54:26 EDT" duration-ms="2" status="PASS">
          <reporter-output>
          </reporter-output>
        </test-method> <!-- TC2_wordSmallLetters -->
      </class> <!-- tundra.testCases.TestCases -->
    </test> <!-- Default test -->
  </suite> <!-- Default suite -->
</testng-results>
